<?xml version="1.0" encoding="UTF-8"?>
<testng-results ignored="0" total="4" passed="3" failed="1" skipped="0">
  <reporter-output>
  </reporter-output>
  <suite started-at="2023-01-11T15:35:09 IST" name="Suite" finished-at="2023-01-11T15:35:52 IST" duration-ms="42517">
    <groups>
    </groups>
    <test started-at="2023-01-11T15:35:09 IST" name="FailTest" finished-at="2023-01-11T15:35:17 IST" duration-ms="7482">
      <class name="tests.failTest">
        <test-method signature="failtest()[pri:0, instance:tests.failTest@dbd8e44]" started-at="2023-01-11T15:35:09 IST" name="failtest" finished-at="2023-01-11T15:35:16 IST" duration-ms="7123" status="FAIL">
          <exception class="java.lang.AssertionError">
            <message>
              <![CDATA[expected [true] but found [false]]]>
            </message>
            <full-stacktrace>
              <![CDATA[java.lang.AssertionError: expected [true] but found [false]
at org.testng.Assert.fail(Assert.java:110)
at org.testng.Assert.failNotEquals(Assert.java:1577)
at org.testng.Assert.assertTrue(Assert.java:56)
at org.testng.Assert.assertTrue(Assert.java:66)
at tests.failTest.failtest(failTest.java:19)
at java.base/jdk.internal.reflect.NativeMethodAccessorImpl.invoke0(Native Method)
at java.base/jdk.internal.reflect.NativeMethodAccessorImpl.invoke(NativeMethodAccessorImpl.java:62)
at java.base/jdk.internal.reflect.DelegatingMethodAccessorImpl.invoke(DelegatingMethodAccessorImpl.java:43)
at java.base/java.lang.reflect.Method.invoke(Method.java:566)
at org.testng.internal.invokers.MethodInvocationHelper.invokeMethod(MethodInvocationHelper.java:139)
at org.testng.internal.invokers.TestInvoker.invokeMethod(TestInvoker.java:677)
at org.testng.internal.invokers.TestInvoker.invokeTestMethod(TestInvoker.java:221)
at org.testng.internal.invokers.MethodRunner.runInSequence(MethodRunner.java:50)
at org.testng.internal.invokers.TestInvoker$MethodInvocationAgent.invoke(TestInvoker.java:969)
at org.testng.internal.invokers.TestInvoker.invokeTestMethods(TestInvoker.java:194)
at org.testng.internal.invokers.TestMethodWorker.invokeTestMethods(TestMethodWorker.java:148)
at org.testng.internal.invokers.TestMethodWorker.run(TestMethodWorker.java:128)
at java.base/java.util.ArrayList.forEach(ArrayList.java:1541)
at org.testng.TestRunner.privateRun(TestRunner.java:829)
at org.testng.TestRunner.run(TestRunner.java:602)
at org.testng.SuiteRunner.runTest(SuiteRunner.java:437)
at org.testng.SuiteRunner$SuiteWorker.run(SuiteRunner.java:475)
at org.testng.internal.thread.ThreadUtil.lambda$execute$0(ThreadUtil.java:58)
at java.base/java.util.concurrent.FutureTask.run(FutureTask.java:264)
at java.base/java.util.concurrent.ThreadPoolExecutor.runWorker(ThreadPoolExecutor.java:1128)
at java.base/java.util.concurrent.ThreadPoolExecutor$Worker.run(ThreadPoolExecutor.java:628)
at java.base/java.lang.Thread.run(Thread.java:834)
]]>
            </full-stacktrace>
          </exception> <!-- java.lang.AssertionError -->
          <reporter-output>
          </reporter-output>
        </test-method> <!-- failtest -->
        <test-method is-config="true" signature="closer()[pri:0, instance:tests.failTest@dbd8e44]" started-at="2023-01-11T15:35:17 IST" name="closer" finished-at="2023-01-11T15:35:17 IST" duration-ms="111" status="PASS">
          <reporter-output>
          </reporter-output>
        </test-method> <!-- closer -->
      </class> <!-- tests.failTest -->
    </test> <!-- FailTest -->
    <test started-at="2023-01-11T15:35:09 IST" name="LoginTest" finished-at="2023-01-11T15:35:33 IST" duration-ms="23581">
      <class name="tests.LoginTest">
        <test-method signature="login()[pri:0, instance:tests.LoginTest@16fdec90]" started-at="2023-01-11T15:35:09 IST" name="login" finished-at="2023-01-11T15:35:17 IST" duration-ms="7270" status="PASS">
          <reporter-output>
          </reporter-output>
        </test-method> <!-- login -->
        <test-method is-config="true" signature="closer()[pri:0, instance:tests.LoginTest@16fdec90]" started-at="2023-01-11T15:35:17 IST" name="closer" finished-at="2023-01-11T15:35:33 IST" duration-ms="16247" status="PASS">
          <reporter-output>
          </reporter-output>
        </test-method> <!-- closer -->
      </class> <!-- tests.LoginTest -->
    </test> <!-- LoginTest -->
    <test started-at="2023-01-11T15:35:09 IST" name="TestDataProvider" finished-at="2023-01-11T15:35:52 IST" duration-ms="42517">
      <class name="tests.LoginTest2Dataprovider">
        <test-method is-config="true" signature="OpenApplication()[pri:0, instance:tests.LoginTest2Dataprovider@64c63c79]" started-at="2023-01-11T15:35:09 IST" name="OpenApplication" finished-at="2023-01-11T15:35:16 IST" duration-ms="7102" status="PASS">
          <reporter-output>
          </reporter-output>
        </test-method> <!-- OpenApplication -->
        <test-method signature="login(java.lang.String,java.lang.String,java.lang.String)[pri:0, instance:tests.LoginTest2Dataprovider@64c63c79]" started-at="2023-01-11T15:35:16 IST" name="login" data-provider="getloginData" finished-at="2023-01-11T15:35:20 IST" duration-ms="3944" status="PASS">
          <params>
            <param index="0">
              <value>
                <![CDATA[annapurnamajhi3@gmail.com]]>
              </value>
            </param>
            <param index="1">
              <value>
                <![CDATA[majhi@345]]>
              </value>
            </param>
            <param index="2">
              <value>
                <![CDATA[Successful]]>
              </value>
            </param>
          </params>
          <reporter-output>
          </reporter-output>
        </test-method> <!-- login -->
        <test-method is-config="true" signature="closer()[pri:0, instance:tests.LoginTest2Dataprovider@64c63c79]" started-at="2023-01-11T15:35:20 IST" name="closer" finished-at="2023-01-11T15:35:20 IST" duration-ms="107" status="PASS">
          <reporter-output>
          </reporter-output>
        </test-method> <!-- closer -->
        <test-method is-config="true" signature="OpenApplication()[pri:0, instance:tests.LoginTest2Dataprovider@64c63c79]" started-at="2023-01-11T15:35:20 IST" name="OpenApplication" finished-at="2023-01-11T15:35:22 IST" duration-ms="1308" status="PASS">
          <reporter-output>
          </reporter-output>
        </test-method> <!-- OpenApplication -->
        <test-method signature="login(java.lang.String,java.lang.String,java.lang.String)[pri:0, instance:tests.LoginTest2Dataprovider@64c63c79]" started-at="2023-01-11T15:35:22 IST" name="login" data-provider="getloginData" finished-at="2023-01-11T15:35:36 IST" duration-ms="13712" status="PASS">
          <params>
            <param index="0">
              <value>
                <![CDATA[an@gmail.com]]>
              </value>
            </param>
            <param index="1">
              <value>
                <![CDATA[mayuu]]>
              </value>
            </param>
            <param index="2">
              <value>
                <![CDATA[failure]]>
              </value>
            </param>
          </params>
          <reporter-output>
          </reporter-output>
        </test-method> <!-- login -->
        <test-method is-config="true" signature="closer()[pri:0, instance:tests.LoginTest2Dataprovider@64c63c79]" started-at="2023-01-11T15:35:36 IST" name="closer" finished-at="2023-01-11T15:35:52 IST" duration-ms="16275" status="PASS">
          <reporter-output>
          </reporter-output>
        </test-method> <!-- closer -->
      </class> <!-- tests.LoginTest2Dataprovider -->
    </test> <!-- TestDataProvider -->
  </suite> <!-- Suite -->
</testng-results>
